<?xml version="1.0" encoding="UTF-8"?>
<testng-results ignored="0" total="1" passed="1" failed="0" skipped="0">
  <reporter-output>
  </reporter-output>
  <suite started-at="2026-05-12T21:14:05 IST" name="Surefire suite" finished-at="2026-05-12T21:14:05 IST" duration-ms="44">
    <groups>
    </groups>
    <test started-at="2026-05-12T21:14:05 IST" name="Surefire test" finished-at="2026-05-12T21:14:05 IST" duration-ms="44">
      <class name="mar2026.jenkins_practice.LoginTest">
        <test-method signature="hello()[pri:0, instance:mar2026.jenkins_practice.LoginTest@f8c1ddd]" started-at="2026-05-12T21:14:05 IST" name="hello" finished-at="2026-05-12T21:14:05 IST" duration-ms="6" status="PASS">
          <reporter-output>
          </reporter-output>
        </test-method> <!-- hello -->
      </class> <!-- mar2026.jenkins_practice.LoginTest -->
    </test> <!-- Surefire test -->
  </suite> <!-- Surefire suite -->
</testng-results>
